<?xml version="1.0" encoding="UTF-8"?>
<!-- Generated by org.testng.reporters.JUnitReportReporter -->
<testsuite hostname="DESKTOP-GKPSUJA" failures="0" tests="4" name="test2.LoginTest2" time="8.067" errors="0" timestamp="2023-02-15T21:22:33 IST" skipped="0">
  <testcase classname="test2.LoginTest2" name="verifyTitleOfBuild" time="0.023"/>
  <system-out/>
  <testcase classname="test2.LoginTest2" name="verifyTitleofPage" time="1.915"/>
  <system-out/>
  <testcase classname="test2.LoginTest2" name="verifyCurrentUrlofPage" time="0.018"/>
  <system-out/>
  <testcase classname="test2.LoginTest2" name="verifyLoginWithCorrectCredentials" time="6.111"/>
  <system-out/>
</testsuite> <!-- test2.LoginTest2 -->
